\BOOKMARK [1][-]{section.1}{\376\377\000C\000l\000e\000a\000n}{}% 1
\BOOKMARK [2][-]{subsection.1.1}{\376\377\000c\000l\000e\000a\000n}{section.1}% 2
\BOOKMARK [2][-]{subsection.1.2}{\376\377\000g\000e\000o}{section.1}% 3
\BOOKMARK [1][-]{section.2}{\376\377\000C\000o\000m\000b\000i\000n\000a\000t\000o\000r\000i\000c\000s}{}% 4
\BOOKMARK [2][-]{subsection.2.1}{\376\377\000n\000C\000r}{section.2}% 5
\BOOKMARK [2][-]{subsection.2.2}{\376\377\000s\000t\000a\000r\000s\000\137\000a\000n\000d\000\137\000b\000a\000r\000s}{section.2}% 6
\BOOKMARK [1][-]{section.3}{\376\377\000D\000a\000t\000a\000\040\000S\000t\000r\000u\000c\000t\000u\000r\000e\000s}{}% 7
\BOOKMARK [2][-]{subsection.3.1}{\376\377\0002\000D\000\040\000B\000I\000T}{section.3}% 8
\BOOKMARK [2][-]{subsection.3.2}{\376\377\0004\000D\000\040\000p\000r\000e\000f\000i\000x\000\040\000s\000u\000m}{section.3}% 9
\BOOKMARK [2][-]{subsection.3.3}{\376\377\000B\000I\000T}{section.3}% 10
\BOOKMARK [2][-]{subsection.3.4}{\376\377\000C\000o\000o\000r\000d\000i\000n\000a\000t\000e\000\040\000C\000o\000m\000p\000r\000e\000s\000s\000i\000o\000n}{section.3}% 11
\BOOKMARK [2][-]{subsection.3.5}{\376\377\000D\000S\000U\000\040\000w\000i\000t\000h\000\040\000a\000r\000r\000a\000y\000\040\000s\000z}{section.3}% 12
\BOOKMARK [2][-]{subsection.3.6}{\376\377\000D\000S\000U}{section.3}% 13
\BOOKMARK [2][-]{subsection.3.7}{\376\377\000D\000y\000n\000a\000m\000i\000c\000\040\000S\000e\000g\000m\000e\000n\000t\000\040\000T\000r\000e\000e}{section.3}% 14
\BOOKMARK [2][-]{subsection.3.8}{\376\377\000L\000a\000z\000y\000\040\000S\000e\000g\000m\000e\000n\000t\000\040\000T\000r\000e\000e}{section.3}% 15
\BOOKMARK [2][-]{subsection.3.9}{\376\377\000M\000a\000x\000\040\000S\000u\000m\000\040\000i\000n\000\040\000S\000u\000b\000a\000r\000r\000a\000y\000\040\000W\000i\000t\000h\000\040\000u\000p\000d\000a\000t\000e}{section.3}% 16
\BOOKMARK [2][-]{subsection.3.10}{\376\377\000M\000e\000r\000g\000e\000\040\000S\000o\000r\000t\000\040\000T\000r\000e\000e\000\040\000W\000i\000t\000h\000\040\000u\000p\000d\000a\000t\000e}{section.3}% 17
\BOOKMARK [2][-]{subsection.3.11}{\376\377\000M\000e\000r\000g\000e\000\040\000s\000o\000r\000t\000\040\000t\000r\000e\000e}{section.3}% 18
\BOOKMARK [2][-]{subsection.3.12}{\376\377\000M\000O}{section.3}% 19
\BOOKMARK [2][-]{subsection.3.13}{\376\377\000M\000o\000n\000o\000t\000o\000n\000i\000c\000\040\000Q\000u\000e\000u\000e}{section.3}% 20
\BOOKMARK [2][-]{subsection.3.14}{\376\377\000M\000o\000n\000o\000t\000o\000n\000i\000c\000\040\000S\000t\000a\000c\000k}{section.3}% 21
\BOOKMARK [2][-]{subsection.3.15}{\376\377\000O\000r\000d\000e\000r\000\040\000S\000e\000t}{section.3}% 22
\BOOKMARK [2][-]{subsection.3.16}{\376\377\000P\000a\000l\000i\000n\000d\000r\000o\000m\000i\000c\000\040\000T\000r\000e\000e\000\040\000P\000e\000r\000s\000i\000s\000t\000e\000n\000t}{section.3}% 23
\BOOKMARK [2][-]{subsection.3.17}{\376\377\000P\000e\000r\000s\000i\000s\000t\000e\000n\000t\000\040\000T\000r\000i\000e}{section.3}% 24
\BOOKMARK [2][-]{subsection.3.18}{\376\377\000S\000e\000g\000m\000e\000n\000t\000\040\000T\000r\000e\000e\000\040\000B\000e\000a\000t\000s}{section.3}% 25
\BOOKMARK [2][-]{subsection.3.19}{\376\377\000S\000e\000g\000m\000e\000n\000t\000\040\000T\000r\000e\000e}{section.3}% 26
\BOOKMARK [2][-]{subsection.3.20}{\376\377\000S\000e\000g\000t\000r\000e\000e\000\040\000T\000r\000e\000e\000\040\000I\000t\000e\000r\000a\000t\000i\000v\000e}{section.3}% 27
\BOOKMARK [2][-]{subsection.3.21}{\376\377\000S\000p\000a\000r\000s\000e\000\040\000S\000e\000g\000m\000e\000n\000t\000\040\000T\000r\000e\000e}{section.3}% 28
\BOOKMARK [2][-]{subsection.3.22}{\376\377\000S\000p\000a\000r\000s\000e\000\137\000T\000a\000b\000l\000e}{section.3}% 29
\BOOKMARK [2][-]{subsection.3.23}{\376\377\000S\000Q\000R\000T}{section.3}% 30
\BOOKMARK [2][-]{subsection.3.24}{\376\377\000T\000r\000e\000a\000p\000\040\000p\000e\000r\000s\000i\000s\000t\000e\000n\000t}{section.3}% 31
\BOOKMARK [1][-]{section.4}{\376\377\000D\000P\000\040\000O\000p\000t\000i\000m\000i\000z\000a\000t\000i\000o\000n\000s}{}% 32
\BOOKMARK [2][-]{subsection.4.1}{\376\377\000C\000o\000n\000v\000e\000x\000\040\000H\000u\000l\000l\000\040\000T\000r\000i\000c\000k}{section.4}% 33
\BOOKMARK [1][-]{section.5}{\376\377\000F\000a\000s\000t}{}% 34
\BOOKMARK [2][-]{subsection.5.1}{\376\377\000d\000p\000\040\000b\000i\000t\000s\000e\000t}{section.5}% 35
\BOOKMARK [1][-]{section.6}{\376\377\000G\000e\000o\000m\000e\000t\000r\000y}{}% 36
\BOOKMARK [2][-]{subsection.6.1}{\376\377\000A\000n\000g\000l\000e\000\040\000B\000e\000t\000w\000e\000e\000n\000\040\000V\000e\000c\000t\000o\000r\000s}{section.6}% 37
\BOOKMARK [2][-]{subsection.6.2}{\376\377\000A\000r\000e\000a\000\040\000o\000f\000\040\000P\000o\000l\000y\000g\000o\000n}{section.6}% 38
\BOOKMARK [2][-]{subsection.6.3}{\376\377\000A\000r\000e\000a\000\040\000o\000f\000\040\000T\000r\000i\000a\000n\000g\000l\000e}{section.6}% 39
\BOOKMARK [2][-]{subsection.6.4}{\376\377\000B\000i\000s\000e\000c\000t\000o\000r}{section.6}% 40
\BOOKMARK [2][-]{subsection.6.5}{\376\377\000C\000e\000n\000t\000e\000r\000\040\000C\000i\000r\000c\000l\000e\000\040\000P\000a\000s\000s\000\040\0003\000\040\000p\000o\000i\000n\000t\000s}{section.6}% 41
\BOOKMARK [2][-]{subsection.6.6}{\376\377\000C\000h\000e\000c\000k\000\040\000i\000f\000\040\000p\000o\000l\000y\000g\000o\000n\000\040\000i\000s\000\040\000r\000e\000c\000t\000a\000n\000g\000l\000e\000\040\000a\000n\000d\000\040\000S\000q\000u\000a\000r\000e}{section.6}% 42
\BOOKMARK [2][-]{subsection.6.7}{\376\377\000D\000i\000s\000t\000\040\000B\000e\000t\000w\000e\000e\000n\000\040\0002\000\040\000S\000e\000g\000m\000e\000n\000t}{section.6}% 43
\BOOKMARK [2][-]{subsection.6.8}{\376\377\000D\000i\000s\000t\000\040\000f\000r\000o\000m\000\040\000p\000o\000i\000n\000t\000\040\000t\000o\000\040\000l\000i\000n\000e}{section.6}% 44
\BOOKMARK [2][-]{subsection.6.9}{\376\377\000D\000i\000s\000t\000\040\000f\000r\000o\000m\000\040\000p\000o\000i\000n\000t\000\040\000t\000o\000\040\000s\000e\000g}{section.6}% 45
\BOOKMARK [2][-]{subsection.6.10}{\376\377\000D\000i\000s\000t\000a\000n\000c\000e\000\040\000b\000e\000t\000w\000e\000e\000n\000\040\0002\000\040\000p\000o\000l\000y\000g\000o\000n\000s}{section.6}% 46
\BOOKMARK [2][-]{subsection.6.11}{\376\377\000D\000i\000s\000t\000a\000n\000c\000e\000\040\000b\000e\000t\000w\000e\000e\000n\000\040\000r\000a\000y\000s}{section.6}% 47
\BOOKMARK [2][-]{subsection.6.12}{\376\377\000E\000q\000u\000a\000t\000i\000o\000n\000\040\000L\000i\000n\000e\000\040\000b\000y\000\040\000p\000o\000i\000n\000t\000\040\000a\000n\000d\000\040\000v\000e\000c\000t\000o\000r}{section.6}% 48
\BOOKMARK [2][-]{subsection.6.13}{\376\377\000E\000q\000u\000a\000t\000i\000o\000n\000\040\000L\000i\000n\000e\000\040\000p\000a\000s\000s\000i\000n\000g\000\040\000t\000h\000r\000o\000u\000g\000h\000\040\0002\000\040\000p\000o\000i\000n\000t\000s}{section.6}% 49
\BOOKMARK [2][-]{subsection.6.14}{\376\377\000F\000i\000n\000d\000i\000n\000g\000\040\000c\000o\000m\000m\000o\000n\000\040\000t\000a\000n\000g\000e\000n\000t\000s\000\040\000t\000o\000\040\000t\000w\000o\000\040\000c\000i\000r\000c\000l\000e\000s}{section.6}% 50
\BOOKMARK [2][-]{subsection.6.15}{\376\377\000I\000n\000t\000e\000r\000s\000e\000c\000\040\000B\000e\000t\000w\000e\000e\000n\000\040\0002\000\040\000l\000i\000n\000e}{section.6}% 51
\BOOKMARK [2][-]{subsection.6.16}{\376\377\000I\000n\000t\000e\000r\000s\000e\000c\000t\000i\000o\000n\000\040\000b\000e\000t\000w\000e\000e\000n\000\040\0002\000\040\000C\000i\000r\000c\000l\000e}{section.6}% 52
\BOOKMARK [2][-]{subsection.6.17}{\376\377\000I\000n\000t\000e\000r\000s\000e\000c\000t\000i\000o\000n\000\040\000B\000e\000t\000w\000e\000e\000n\000\040\000C\000i\000r\000c\000l\000e\000\040\000a\000n\000d\000\040\000L\000i\000n\000e}{section.6}% 53
\BOOKMARK [2][-]{subsection.6.18}{\376\377\000I\000n\000t\000e\000r\000s\000e\000c\000t\000i\000o\000n\000\040\000b\000e\000t\000w\000e\000e\000n\000\040\000l\000i\000n\000e\000\040\000a\000n\000d\000\040\000s\000e\000g\000m\000e\000n\000t}{section.6}% 54
\BOOKMARK [2][-]{subsection.6.19}{\376\377\000I\000n\000t\000e\000r\000s\000e\000c\000t\000i\000o\000n\000\040\000b\000e\000t\000w\000e\000e\000n\000\040\000t\000w\000o\000\040\000s\000e\000g\000m\000e\000n\000t\000s}{section.6}% 55
\BOOKMARK [2][-]{subsection.6.20}{\376\377\000I\000s\000\040\0002\000\040\000p\000o\000i\000n\000t\000s\000\040\000o\000n\000\040\000s\000a\000m\000e\000\040\000s\000i\000d\000e\000\040\000o\000f\000\040\000l\000i\000n\000e}{section.6}% 56
\BOOKMARK [2][-]{subsection.6.21}{\376\377\000I\000s\000\040\0002\000\040\000S\000e\000g\000m\000e\000n\000t\000\040\000I\000n\000t\000e\000r\000s\000e\000c\000t}{section.6}% 57
\BOOKMARK [2][-]{subsection.6.22}{\376\377\000I\000s\000\040\000p\000o\000i\000n\000t\000\040\000o\000n\000\040\000s\000e\000g\000m\000e\000n\000t}{section.6}% 58
\BOOKMARK [2][-]{subsection.6.23}{\376\377\000I\000s\000\040\000t\000h\000e\000\040\000p\000o\000i\000n\000t\000\040\000o\000n\000\040\000l\000i\000n\000e}{section.6}% 59
\BOOKMARK [2][-]{subsection.6.24}{\376\377\000I\000s\000\040\000t\000h\000e\000\040\000p\000o\000i\000n\000t\000\040\000o\000n\000\040\000r\000a\000y}{section.6}% 60
\BOOKMARK [2][-]{subsection.6.25}{\376\377\000L\000a\000t\000t\000i\000c\000e\000\040\000P\000o\000i\000n\000t\000s}{section.6}% 61
\BOOKMARK [2][-]{subsection.6.26}{\376\377\000L\000e\000n\000g\000t\000h\000\040\000o\000f\000\040\000t\000h\000e\000\040\000u\000n\000i\000o\000n\000\040\000o\000f\000\040\000s\000e\000g\000m\000e\000n\000t\000s}{section.6}% 62
\BOOKMARK [2][-]{subsection.6.27}{\376\377\000L\000o\000c\000a\000t\000i\000o\000n\000\040\000o\000f\000\040\000P\000o\000i\000n\000t\000\040\000i\000n\000\040\000l\000i\000n\000e}{section.6}% 63
\BOOKMARK [2][-]{subsection.6.28}{\376\377\000M\000E\000C}{section.6}% 64
\BOOKMARK [2][-]{subsection.6.29}{\376\377\000M\000i\000n\000k\000o\000w\000s\000k\000i\000\040\000s\000u\000m\000\040\000o\000f\000\040\000c\000o\000n\000v\000e\000x\000\040\000p\000o\000l\000y\000g\000o\000n\000s}{section.6}% 65
\BOOKMARK [2][-]{subsection.6.30}{\376\377\000P\000o\000i\000n\000t\000\040\000L\000o\000c\000a\000t\000i\000o\000n\000\040\000R\000e\000l\000a\000t\000i\000v\000e\000\040\000t\000o\000\040\000P\000o\000l\000y\000g\000o\000n}{section.6}% 66
\BOOKMARK [2][-]{subsection.6.31}{\376\377\000P\000o\000l\000a\000r\000\040\000A\000n\000g\000l\000e}{section.6}% 67
\BOOKMARK [2][-]{subsection.6.32}{\376\377\000P\000o\000l\000a\000r\000\040\000S\000o\000r\000t}{section.6}% 68
\BOOKMARK [2][-]{subsection.6.33}{\376\377\000s\000t\000r\000u\000c\000t\000\040\000l\000i\000n\000e}{section.6}% 69
\BOOKMARK [2][-]{subsection.6.34}{\376\377\000t\000y\000p\000e\000\040\000o\000f\000\040\000i\000n\000t\000e\000r\000s\000e\000c\000t\000i\000o\000n\000\040\000b\000e\000t\000w\000e\000e\000n\000\040\000C\000i\000r\000c\000l\000e\000\040\000a\000n\000d\000\040\000L\000i\000n\000e}{section.6}% 70
\BOOKMARK [2][-]{subsection.6.35}{\376\377\000v\000e\000c\000t\000o\000r\000\040\000l\000e\000n\000g\000t\000h}{section.6}% 71
\BOOKMARK [2][-]{subsection.6.36}{\376\377\000w\000i\000n\000d\000i\000n\000g\000\040\000N\000u\000m\000b\000e\000r}{section.6}% 72
\BOOKMARK [2][-]{subsection.6.37}{\376\377\000W\000i\000n\000d\000i\000n\000g\000N\000u\000m\000b\000e\000r\000\040\000f\000o\000r\000\040\000I\000n\000t\000e\000g\000e\000r\000s}{section.6}% 73
\BOOKMARK [1][-]{section.7}{\376\377\000G\000r\000a\000p\000h\000\040\000A\000l\000g\000o\000r\000i\000t\000h\000m\000s}{}% 74
\BOOKMARK [2][-]{subsection.7.1}{\376\377\000a\000r\000t\000i\000c\000u\000l\000a\000t\000i\000o\000n\000\137\000p\000o\000i\000n\000t\000s}{section.7}% 75
\BOOKMARK [2][-]{subsection.7.2}{\376\377\000B\000C\000C}{section.7}% 76
\BOOKMARK [2][-]{subsection.7.3}{\376\377\000B\000e\000l\000l\000m\000a\000n\000-\000F\000o\000r\000d}{section.7}% 77
\BOOKMARK [2][-]{subsection.7.4}{\376\377\000B\000r\000i\000d\000g\000e\000s}{section.7}% 78
\BOOKMARK [2][-]{subsection.7.5}{\376\377\000B\000r\000o\000n\040\023\000K\000e\000r\000b\000o\000s\000c\000h}{section.7}% 79
\BOOKMARK [2][-]{subsection.7.6}{\376\377\000D\000i\000n\000i\000c\000s\000\040\000A\000l\000g\000o\000r\000i\000t\000h\000m}{section.7}% 80
\BOOKMARK [2][-]{subsection.7.7}{\376\377\000F\000l\000o\000y\000e\000d}{section.7}% 81
\BOOKMARK [2][-]{subsection.7.8}{\376\377\000H\000u\000n\000g\000a\000r\000i\000a\000n\000\040\000A\000l\000g\000o\000r\000i\000t\000h\000m}{section.7}% 82
\BOOKMARK [2][-]{subsection.7.9}{\376\377\000S\000C\000C\000\137\000K\000o\000s\000a\000r\000a\000j\000u}{section.7}% 83
\BOOKMARK [2][-]{subsection.7.10}{\376\377\000S\000C\000C\000\137\000T\000a\000r\000j\000a\000n\000\137\000s}{section.7}% 84
\BOOKMARK [2][-]{subsection.7.11}{\376\377\000s\000m\000a\000l\000l\000\040\000t\000o\000\040\000l\000a\000r\000g\000e}{section.7}% 85
\BOOKMARK [1][-]{section.8}{\376\377\000M\000a\000t\000h}{}% 86
\BOOKMARK [2][-]{subsection.8.1}{\376\377\000b\000e\000z\000o\000u\000t\000\137\000s\000I\000d\000e\000n\000t\000i\000t\000y}{section.8}% 87
\BOOKMARK [2][-]{subsection.8.2}{\376\377\000F\000a\000s\000t\000\137\000P\000o\000w\000e\000r}{section.8}% 88
\BOOKMARK [2][-]{subsection.8.3}{\376\377\000M\000a\000t\000r\000i\000x\000E\000x\000p\000o}{section.8}% 89
\BOOKMARK [2][-]{subsection.8.4}{\376\377\000M\000o\000d\000\040\000I\000N\000V\000\040\000b\000y\000\040\000p\000h\000i}{section.8}% 90
\BOOKMARK [2][-]{subsection.8.5}{\376\377\000m\000o\000d\000\040\000i\000n\000v\000e\000r\000s\000e\000\040\000f\000o\000r\000\040\000n\000o\000t\000\040\000p\000r\000i\000m\000e}{section.8}% 91
\BOOKMARK [2][-]{subsection.8.6}{\376\377\000N\000T\000T}{section.8}% 92
\BOOKMARK [2][-]{subsection.8.7}{\376\377\000X\000O\000R\000\040\000B\000a\000s\000i\000s}{section.8}% 93
\BOOKMARK [1][-]{section.9}{\376\377\000N\000u\000m\000b\000e\000r\000\040\000T\000h\000e\000o\000r\000y}{}% 94
\BOOKMARK [2][-]{subsection.9.1}{\376\377\000C\000R\000T}{section.9}% 95
\BOOKMARK [2][-]{subsection.9.2}{\376\377\000d\000i\000v\000i\000s\000o\000r\000s}{section.9}% 96
\BOOKMARK [2][-]{subsection.9.3}{\376\377\000E\000u\000l\000e\000r\000\137\000s\000\137\000t\000o\000t\000i\000e\000n\000t}{section.9}% 97
\BOOKMARK [2][-]{subsection.9.4}{\376\377\000i\000s\000\137\000p\000r\000i\000m\000e}{section.9}% 98
\BOOKMARK [2][-]{subsection.9.5}{\376\377\000l\000i\000n\000e\000a\000r\000S\000i\000e\000v\000e}{section.9}% 99
\BOOKMARK [2][-]{subsection.9.6}{\376\377\000M\000i\000l\000l\000e\000r\000-\000R\000a\000b\000i\000n}{section.9}% 100
\BOOKMARK [2][-]{subsection.9.7}{\376\377\000P\000o\000l\000l\000a\000r\000d\000\040\000R\000h\000o}{section.9}% 101
\BOOKMARK [2][-]{subsection.9.8}{\376\377\000P\000r\000i\000m\000e\000F\000a\000c\000t\000o\000r\000i\000z\000a\000t\000i\000o\000n}{section.9}% 102
\BOOKMARK [1][-]{section.10}{\376\377\000R\000a\000n\000d\000o\000m}{}% 103
\BOOKMARK [2][-]{subsection.10.1}{\376\377\000r\000a\000n\000d\000o\000m\000\137\000r\000a\000n\000g\000e}{section.10}% 104
\BOOKMARK [1][-]{section.11}{\376\377\000S\000t\000r\000i\000n\000g\000\040\000A\000l\000g\000o\000r\000i\000t\000h\000m\000s}{}% 105
\BOOKMARK [2][-]{subsection.11.1}{\376\377\000a\000h\000o\000C\000o\000r\000a\000s\000i\000c\000k}{section.11}% 106
\BOOKMARK [2][-]{subsection.11.2}{\376\377\000c\000o\000m\000p\000u\000t\000e\000\137\000a\000u\000t\000o\000m\000a\000t\000o\000n}{section.11}% 107
\BOOKMARK [2][-]{subsection.11.3}{\376\377\000H\000a\000s\000h\000i\000n\000g}{section.11}% 108
\BOOKMARK [2][-]{subsection.11.4}{\376\377\000H\000a\000s\000h\000i\000n\000g\0002\000D}{section.11}% 109
\BOOKMARK [2][-]{subsection.11.5}{\376\377\000K\000M\000P\000\040\000f\000o\000r\000\040\000i\000n\000t\000e\000g\000e\000r}{section.11}% 110
\BOOKMARK [2][-]{subsection.11.6}{\376\377\000K\000M\000P}{section.11}% 111
\BOOKMARK [2][-]{subsection.11.7}{\376\377\000S\000u\000f\000f\000i\000x\000A\000r\000r\000a\000y\000W\000i\000t\000h\000S\000p\000a\000r\000s\000e\000T\000a\000b\000l\000e}{section.11}% 112
\BOOKMARK [2][-]{subsection.11.8}{\376\377\000S\000u\000f\000f\000i\000x\000A\000r\000r\000a\000y\000W\000i\000t\000h\000V\000e\000c\000t\000o\000r\000I\000n\000t}{section.11}% 113
\BOOKMARK [2][-]{subsection.11.9}{\376\377\000S\000u\000f\000f\000u\000x\000\137\000A\000r\000r\000a\000y}{section.11}% 114
\BOOKMARK [2][-]{subsection.11.10}{\376\377\000T\000r\000i\000e}{section.11}% 115
\BOOKMARK [2][-]{subsection.11.11}{\376\377\000T\000r\000i\000e\0000\0001}{section.11}% 116
\BOOKMARK [1][-]{section.12}{\376\377\000T\000r\000e\000e\000s}{}% 117
\BOOKMARK [2][-]{subsection.12.1}{\376\377\000C\000e\000n\000t\000r\000o\000i\000d}{section.12}% 118
\BOOKMARK [2][-]{subsection.12.2}{\376\377\000d\000i\000a\000m\000e\000t\000e\000r}{section.12}% 119
\BOOKMARK [2][-]{subsection.12.3}{\376\377\000e\000u\000l\000a\000r\000\137\000t\000o\000u\000r}{section.12}% 120
\BOOKMARK [2][-]{subsection.12.4}{\376\377\000H\000L\000D}{section.12}% 121
\BOOKMARK [2][-]{subsection.12.5}{\376\377\000L\000C\000A\000\040\000w\000i\000t\000h\000\040\000S\000p\000a\000r\000s\000e\000\040\000T\000a\000b\000l\000e\000s}{section.12}% 122
\BOOKMARK [2][-]{subsection.12.6}{\376\377\000l\000c\000a}{section.12}% 123
\BOOKMARK [2][-]{subsection.12.7}{\376\377\000M\000a\000x\000\040\000Q\000u\000e\000r\000y\000\040\000b\000y\000\040\000L\000C\000A}{section.12}% 124
\BOOKMARK [2][-]{subsection.12.8}{\376\377\000M\000O\000\040\000o\000n\000\040\000T\000r\000e\000e}{section.12}% 125
